INFO [2023-11-27 15:25:03] $x
INFO [2023-11-27 15:25:03] gene_lists
INFO [2023-11-27 15:25:03] 
INFO [2023-11-27 15:25:03] $category.names
INFO [2023-11-27 15:25:03] c("G007LK", "WNT_G007LK", "WNT")
INFO [2023-11-27 15:25:03] 
INFO [2023-11-27 15:25:03] $filename
INFO [2023-11-27 15:25:03] [1] "../results/05_key_plot_3.png"
INFO [2023-11-27 15:25:03] 
INFO [2023-11-27 15:25:03] $output
INFO [2023-11-27 15:25:03] [1] TRUE
INFO [2023-11-27 15:25:03] 
INFO [2023-11-27 15:25:03] $imagetype
INFO [2023-11-27 15:25:03] [1] "png"
INFO [2023-11-27 15:25:03] 
INFO [2023-11-27 15:25:03] $height
INFO [2023-11-27 15:25:03] [1] 480
INFO [2023-11-27 15:25:03] 
INFO [2023-11-27 15:25:03] $width
INFO [2023-11-27 15:25:03] [1] 480
INFO [2023-11-27 15:25:03] 
INFO [2023-11-27 15:25:03] $resolution
INFO [2023-11-27 15:25:03] [1] 300
INFO [2023-11-27 15:25:03] 
INFO [2023-11-27 15:25:03] $compression
INFO [2023-11-27 15:25:03] [1] "lzw"
INFO [2023-11-27 15:25:03] 
INFO [2023-11-27 15:25:03] $lwd
INFO [2023-11-27 15:25:03] [1] 2
INFO [2023-11-27 15:25:03] 
INFO [2023-11-27 15:25:03] $lty
INFO [2023-11-27 15:25:03] [1] "blank"
INFO [2023-11-27 15:25:03] 
INFO [2023-11-27 15:25:03] $fill
INFO [2023-11-27 15:25:03] myCol
INFO [2023-11-27 15:25:03] 
INFO [2023-11-27 15:25:03] $cex
INFO [2023-11-27 15:25:03] [1] 0.6
INFO [2023-11-27 15:25:03] 
INFO [2023-11-27 15:25:03] $fontface
INFO [2023-11-27 15:25:03] [1] "bold"
INFO [2023-11-27 15:25:03] 
INFO [2023-11-27 15:25:03] $fontfamily
INFO [2023-11-27 15:25:03] [1] "sans"
INFO [2023-11-27 15:25:03] 
INFO [2023-11-27 15:25:03] $cat.cex
INFO [2023-11-27 15:25:03] [1] 0.3
INFO [2023-11-27 15:25:03] 
INFO [2023-11-27 15:25:03] $cat.fontface
INFO [2023-11-27 15:25:03] [1] "bold"
INFO [2023-11-27 15:25:03] 
INFO [2023-11-27 15:25:03] $cat.default.pos
INFO [2023-11-27 15:25:03] [1] "outer"
INFO [2023-11-27 15:25:03] 
INFO [2023-11-27 15:25:03] $cat.pos
INFO [2023-11-27 15:25:03] c(-27, 27, 135)
INFO [2023-11-27 15:25:03] 
INFO [2023-11-27 15:25:03] $cat.dist
INFO [2023-11-27 15:25:03] c(0.055, 0.055, 0.06)
INFO [2023-11-27 15:25:03] 
INFO [2023-11-27 15:25:03] $cat.fontfamily
INFO [2023-11-27 15:25:03] [1] "sans"
INFO [2023-11-27 15:25:03] 
INFO [2023-11-27 15:25:03] $rotation
INFO [2023-11-27 15:25:03] [1] 1
INFO [2023-11-27 15:25:03] 
