INFO [2023-11-27 16:15:43] $x
INFO [2023-11-27 16:15:43] gene_lists
INFO [2023-11-27 16:15:43] 
INFO [2023-11-27 16:15:43] $category.names
INFO [2023-11-27 16:15:43] c("G007LK", "WNT_G007LK", "WNT")
INFO [2023-11-27 16:15:43] 
INFO [2023-11-27 16:15:43] $filename
INFO [2023-11-27 16:15:43] [1] "../results/05_key_plot_3.png"
INFO [2023-11-27 16:15:43] 
INFO [2023-11-27 16:15:43] $output
INFO [2023-11-27 16:15:43] [1] TRUE
INFO [2023-11-27 16:15:43] 
INFO [2023-11-27 16:15:43] $imagetype
INFO [2023-11-27 16:15:43] [1] "png"
INFO [2023-11-27 16:15:43] 
INFO [2023-11-27 16:15:43] $height
INFO [2023-11-27 16:15:43] [1] 480
INFO [2023-11-27 16:15:43] 
INFO [2023-11-27 16:15:43] $width
INFO [2023-11-27 16:15:43] [1] 480
INFO [2023-11-27 16:15:43] 
INFO [2023-11-27 16:15:43] $resolution
INFO [2023-11-27 16:15:43] [1] 300
INFO [2023-11-27 16:15:43] 
INFO [2023-11-27 16:15:43] $compression
INFO [2023-11-27 16:15:43] [1] "lzw"
INFO [2023-11-27 16:15:43] 
INFO [2023-11-27 16:15:43] $lwd
INFO [2023-11-27 16:15:43] [1] 2
INFO [2023-11-27 16:15:43] 
INFO [2023-11-27 16:15:43] $lty
INFO [2023-11-27 16:15:43] [1] "blank"
INFO [2023-11-27 16:15:43] 
INFO [2023-11-27 16:15:43] $fill
INFO [2023-11-27 16:15:43] myCol
INFO [2023-11-27 16:15:43] 
INFO [2023-11-27 16:15:43] $cex
INFO [2023-11-27 16:15:43] [1] 0.6
INFO [2023-11-27 16:15:43] 
INFO [2023-11-27 16:15:43] $fontface
INFO [2023-11-27 16:15:43] [1] "bold"
INFO [2023-11-27 16:15:43] 
INFO [2023-11-27 16:15:43] $fontfamily
INFO [2023-11-27 16:15:43] [1] "sans"
INFO [2023-11-27 16:15:43] 
INFO [2023-11-27 16:15:43] $cat.cex
INFO [2023-11-27 16:15:43] [1] 0.3
INFO [2023-11-27 16:15:43] 
INFO [2023-11-27 16:15:43] $cat.fontface
INFO [2023-11-27 16:15:43] [1] "bold"
INFO [2023-11-27 16:15:43] 
INFO [2023-11-27 16:15:43] $cat.default.pos
INFO [2023-11-27 16:15:43] [1] "outer"
INFO [2023-11-27 16:15:43] 
INFO [2023-11-27 16:15:43] $cat.pos
INFO [2023-11-27 16:15:43] c(-27, 27, 135)
INFO [2023-11-27 16:15:43] 
INFO [2023-11-27 16:15:43] $cat.dist
INFO [2023-11-27 16:15:43] c(0.055, 0.055, 0)
INFO [2023-11-27 16:15:43] 
INFO [2023-11-27 16:15:43] $cat.fontfamily
INFO [2023-11-27 16:15:43] [1] "sans"
INFO [2023-11-27 16:15:43] 
INFO [2023-11-27 16:15:43] $rotation
INFO [2023-11-27 16:15:43] [1] 1
INFO [2023-11-27 16:15:43] 
