INFO [2023-11-27 15:24:01] $x
INFO [2023-11-27 15:24:01] gene_lists
INFO [2023-11-27 15:24:01] 
INFO [2023-11-27 15:24:01] $category.names
INFO [2023-11-27 15:24:01] c("G007LK", "WNT_G007LK", "WNT")
INFO [2023-11-27 15:24:01] 
INFO [2023-11-27 15:24:01] $filename
INFO [2023-11-27 15:24:01] [1] "../results/05_key_plot_3.png"
INFO [2023-11-27 15:24:01] 
INFO [2023-11-27 15:24:01] $output
INFO [2023-11-27 15:24:01] [1] TRUE
INFO [2023-11-27 15:24:01] 
INFO [2023-11-27 15:24:01] $imagetype
INFO [2023-11-27 15:24:01] [1] "png"
INFO [2023-11-27 15:24:01] 
INFO [2023-11-27 15:24:01] $height
INFO [2023-11-27 15:24:01] [1] 480
INFO [2023-11-27 15:24:01] 
INFO [2023-11-27 15:24:01] $width
INFO [2023-11-27 15:24:01] [1] 480
INFO [2023-11-27 15:24:01] 
INFO [2023-11-27 15:24:01] $resolution
INFO [2023-11-27 15:24:01] [1] 300
INFO [2023-11-27 15:24:01] 
INFO [2023-11-27 15:24:01] $compression
INFO [2023-11-27 15:24:01] [1] "lzw"
INFO [2023-11-27 15:24:01] 
INFO [2023-11-27 15:24:01] $lwd
INFO [2023-11-27 15:24:01] [1] 2
INFO [2023-11-27 15:24:01] 
INFO [2023-11-27 15:24:01] $lty
INFO [2023-11-27 15:24:01] [1] "blank"
INFO [2023-11-27 15:24:01] 
INFO [2023-11-27 15:24:01] $fill
INFO [2023-11-27 15:24:01] myCol
INFO [2023-11-27 15:24:01] 
INFO [2023-11-27 15:24:01] $cex
INFO [2023-11-27 15:24:01] [1] 0.6
INFO [2023-11-27 15:24:01] 
INFO [2023-11-27 15:24:01] $fontface
INFO [2023-11-27 15:24:01] [1] "bold"
INFO [2023-11-27 15:24:01] 
INFO [2023-11-27 15:24:01] $fontfamily
INFO [2023-11-27 15:24:01] [1] "sans"
INFO [2023-11-27 15:24:01] 
INFO [2023-11-27 15:24:01] $cat.cex
INFO [2023-11-27 15:24:01] [1] 0.3
INFO [2023-11-27 15:24:01] 
INFO [2023-11-27 15:24:01] $cat.fontface
INFO [2023-11-27 15:24:01] [1] "bold"
INFO [2023-11-27 15:24:01] 
INFO [2023-11-27 15:24:01] $cat.default.pos
INFO [2023-11-27 15:24:01] [1] "inner"
INFO [2023-11-27 15:24:01] 
INFO [2023-11-27 15:24:01] $cat.pos
INFO [2023-11-27 15:24:01] c(-27, 27, 135)
INFO [2023-11-27 15:24:01] 
INFO [2023-11-27 15:24:01] $cat.dist
INFO [2023-11-27 15:24:01] c(0.055, 0.055, 0.085)
INFO [2023-11-27 15:24:01] 
INFO [2023-11-27 15:24:01] $cat.fontfamily
INFO [2023-11-27 15:24:01] [1] "sans"
INFO [2023-11-27 15:24:01] 
INFO [2023-11-27 15:24:01] $rotation
INFO [2023-11-27 15:24:01] [1] 1
INFO [2023-11-27 15:24:01] 
ERROR [2023-11-27 15:24:01] Invalid cat.default.pos setting
