INFO [2023-11-27 15:25:10] $x
INFO [2023-11-27 15:25:10] gene_lists
INFO [2023-11-27 15:25:10] 
INFO [2023-11-27 15:25:10] $category.names
INFO [2023-11-27 15:25:10] c("G007LK", "WNT_G007LK", "WNT")
INFO [2023-11-27 15:25:10] 
INFO [2023-11-27 15:25:10] $filename
INFO [2023-11-27 15:25:10] [1] "../results/05_key_plot_3.png"
INFO [2023-11-27 15:25:10] 
INFO [2023-11-27 15:25:10] $output
INFO [2023-11-27 15:25:10] [1] TRUE
INFO [2023-11-27 15:25:10] 
INFO [2023-11-27 15:25:10] $imagetype
INFO [2023-11-27 15:25:10] [1] "png"
INFO [2023-11-27 15:25:10] 
INFO [2023-11-27 15:25:10] $height
INFO [2023-11-27 15:25:10] [1] 480
INFO [2023-11-27 15:25:10] 
INFO [2023-11-27 15:25:10] $width
INFO [2023-11-27 15:25:10] [1] 480
INFO [2023-11-27 15:25:10] 
INFO [2023-11-27 15:25:10] $resolution
INFO [2023-11-27 15:25:10] [1] 300
INFO [2023-11-27 15:25:10] 
INFO [2023-11-27 15:25:10] $compression
INFO [2023-11-27 15:25:10] [1] "lzw"
INFO [2023-11-27 15:25:10] 
INFO [2023-11-27 15:25:10] $lwd
INFO [2023-11-27 15:25:10] [1] 2
INFO [2023-11-27 15:25:10] 
INFO [2023-11-27 15:25:10] $lty
INFO [2023-11-27 15:25:10] [1] "blank"
INFO [2023-11-27 15:25:10] 
INFO [2023-11-27 15:25:10] $fill
INFO [2023-11-27 15:25:10] myCol
INFO [2023-11-27 15:25:10] 
INFO [2023-11-27 15:25:10] $cex
INFO [2023-11-27 15:25:10] [1] 0.6
INFO [2023-11-27 15:25:10] 
INFO [2023-11-27 15:25:10] $fontface
INFO [2023-11-27 15:25:10] [1] "bold"
INFO [2023-11-27 15:25:10] 
INFO [2023-11-27 15:25:10] $fontfamily
INFO [2023-11-27 15:25:10] [1] "sans"
INFO [2023-11-27 15:25:10] 
INFO [2023-11-27 15:25:10] $cat.cex
INFO [2023-11-27 15:25:10] [1] 0.3
INFO [2023-11-27 15:25:10] 
INFO [2023-11-27 15:25:10] $cat.fontface
INFO [2023-11-27 15:25:10] [1] "bold"
INFO [2023-11-27 15:25:10] 
INFO [2023-11-27 15:25:10] $cat.default.pos
INFO [2023-11-27 15:25:10] [1] "outer"
INFO [2023-11-27 15:25:10] 
INFO [2023-11-27 15:25:10] $cat.pos
INFO [2023-11-27 15:25:10] c(-27, 27, 135)
INFO [2023-11-27 15:25:10] 
INFO [2023-11-27 15:25:10] $cat.dist
INFO [2023-11-27 15:25:10] c(0.055, 0.055, 0)
INFO [2023-11-27 15:25:10] 
INFO [2023-11-27 15:25:10] $cat.fontfamily
INFO [2023-11-27 15:25:10] [1] "sans"
INFO [2023-11-27 15:25:10] 
INFO [2023-11-27 15:25:10] $rotation
INFO [2023-11-27 15:25:10] [1] 1
INFO [2023-11-27 15:25:10] 
