INFO [2023-11-27 15:21:31] $x
INFO [2023-11-27 15:21:31] gene_lists
INFO [2023-11-27 15:21:31] 
INFO [2023-11-27 15:21:31] $category.names
INFO [2023-11-27 15:21:31] c("G007LK", "WNT_G007LK", "WNT")
INFO [2023-11-27 15:21:31] 
INFO [2023-11-27 15:21:31] $filename
INFO [2023-11-27 15:21:31] [1] "../results/05_key_plot_3.png"
INFO [2023-11-27 15:21:31] 
INFO [2023-11-27 15:21:31] $output
INFO [2023-11-27 15:21:31] [1] TRUE
INFO [2023-11-27 15:21:31] 
INFO [2023-11-27 15:21:31] $imagetype
INFO [2023-11-27 15:21:31] [1] "png"
INFO [2023-11-27 15:21:31] 
INFO [2023-11-27 15:21:31] $height
INFO [2023-11-27 15:21:31] [1] 480
INFO [2023-11-27 15:21:31] 
INFO [2023-11-27 15:21:31] $width
INFO [2023-11-27 15:21:31] [1] 480
INFO [2023-11-27 15:21:31] 
INFO [2023-11-27 15:21:31] $resolution
INFO [2023-11-27 15:21:31] [1] 300
INFO [2023-11-27 15:21:31] 
INFO [2023-11-27 15:21:31] $compression
INFO [2023-11-27 15:21:31] [1] "lzw"
INFO [2023-11-27 15:21:31] 
INFO [2023-11-27 15:21:31] $lwd
INFO [2023-11-27 15:21:31] [1] 2
INFO [2023-11-27 15:21:31] 
INFO [2023-11-27 15:21:31] $lty
INFO [2023-11-27 15:21:31] [1] "blank"
INFO [2023-11-27 15:21:31] 
INFO [2023-11-27 15:21:31] $fill
INFO [2023-11-27 15:21:31] myCol
INFO [2023-11-27 15:21:31] 
INFO [2023-11-27 15:21:31] $cex
INFO [2023-11-27 15:21:31] [1] 0.6
INFO [2023-11-27 15:21:31] 
INFO [2023-11-27 15:21:31] $fontface
INFO [2023-11-27 15:21:31] [1] "bold"
INFO [2023-11-27 15:21:31] 
INFO [2023-11-27 15:21:31] $fontfamily
INFO [2023-11-27 15:21:31] [1] "sans"
INFO [2023-11-27 15:21:31] 
INFO [2023-11-27 15:21:31] $cat.cex
INFO [2023-11-27 15:21:31] [1] 0.3
INFO [2023-11-27 15:21:31] 
INFO [2023-11-27 15:21:31] $cat.fontface
INFO [2023-11-27 15:21:31] [1] "bold"
INFO [2023-11-27 15:21:31] 
INFO [2023-11-27 15:21:31] $cat.default.pos
INFO [2023-11-27 15:21:31] [1] "outer"
INFO [2023-11-27 15:21:31] 
INFO [2023-11-27 15:21:31] $cat.pos
INFO [2023-11-27 15:21:31] c(-27, 27, 135)
INFO [2023-11-27 15:21:31] 
INFO [2023-11-27 15:21:31] $cat.dist
INFO [2023-11-27 15:21:31] c(0.055, 0.055, 0.085)
INFO [2023-11-27 15:21:31] 
INFO [2023-11-27 15:21:31] $cat.fontfamily
INFO [2023-11-27 15:21:31] [1] "sans"
INFO [2023-11-27 15:21:31] 
INFO [2023-11-27 15:21:31] $rotation
INFO [2023-11-27 15:21:31] [1] 1
INFO [2023-11-27 15:21:31] 
