INFO [2023-11-27 15:21:42] $x
INFO [2023-11-27 15:21:42] gene_lists
INFO [2023-11-27 15:21:42] 
INFO [2023-11-27 15:21:42] $category.names
INFO [2023-11-27 15:21:42] c("G007LK", "WNT_G007LK", "WNT")
INFO [2023-11-27 15:21:42] 
INFO [2023-11-27 15:21:42] $filename
INFO [2023-11-27 15:21:42] [1] "../results/05_key_plot_3.png"
INFO [2023-11-27 15:21:42] 
INFO [2023-11-27 15:21:42] $output
INFO [2023-11-27 15:21:42] [1] TRUE
INFO [2023-11-27 15:21:42] 
INFO [2023-11-27 15:21:42] $imagetype
INFO [2023-11-27 15:21:42] [1] "png"
INFO [2023-11-27 15:21:42] 
INFO [2023-11-27 15:21:42] $height
INFO [2023-11-27 15:21:42] [1] 480
INFO [2023-11-27 15:21:42] 
INFO [2023-11-27 15:21:42] $width
INFO [2023-11-27 15:21:42] [1] 480
INFO [2023-11-27 15:21:42] 
INFO [2023-11-27 15:21:42] $resolution
INFO [2023-11-27 15:21:42] [1] 300
INFO [2023-11-27 15:21:42] 
INFO [2023-11-27 15:21:42] $compression
INFO [2023-11-27 15:21:42] [1] "lzw"
INFO [2023-11-27 15:21:42] 
INFO [2023-11-27 15:21:42] $lwd
INFO [2023-11-27 15:21:42] [1] 2
INFO [2023-11-27 15:21:42] 
INFO [2023-11-27 15:21:42] $lty
INFO [2023-11-27 15:21:42] [1] "blank"
INFO [2023-11-27 15:21:42] 
INFO [2023-11-27 15:21:42] $fill
INFO [2023-11-27 15:21:42] myCol
INFO [2023-11-27 15:21:42] 
INFO [2023-11-27 15:21:42] $cex
INFO [2023-11-27 15:21:42] [1] 0.6
INFO [2023-11-27 15:21:42] 
INFO [2023-11-27 15:21:42] $fontface
INFO [2023-11-27 15:21:42] [1] "bold"
INFO [2023-11-27 15:21:42] 
INFO [2023-11-27 15:21:42] $fontfamily
INFO [2023-11-27 15:21:42] [1] "sans"
INFO [2023-11-27 15:21:42] 
INFO [2023-11-27 15:21:42] $cat.cex
INFO [2023-11-27 15:21:42] [1] 0.3
INFO [2023-11-27 15:21:42] 
INFO [2023-11-27 15:21:42] $cat.fontface
INFO [2023-11-27 15:21:42] [1] "bold"
INFO [2023-11-27 15:21:42] 
INFO [2023-11-27 15:21:42] $cat.default.pos
INFO [2023-11-27 15:21:42] [1] "outer"
INFO [2023-11-27 15:21:42] 
INFO [2023-11-27 15:21:42] $cat.pos
INFO [2023-11-27 15:21:42] c(-27, 27, 135)
INFO [2023-11-27 15:21:42] 
INFO [2023-11-27 15:21:42] $cat.dist
INFO [2023-11-27 15:21:42] c(0.055, 0.055, 0.085)
INFO [2023-11-27 15:21:42] 
INFO [2023-11-27 15:21:42] $cat.fontfamily
INFO [2023-11-27 15:21:42] [1] "sans"
INFO [2023-11-27 15:21:42] 
INFO [2023-11-27 15:21:42] $rotation
INFO [2023-11-27 15:21:42] [1] 1
INFO [2023-11-27 15:21:42] 
