INFO [2023-11-27 15:24:27] $x
INFO [2023-11-27 15:24:27] gene_lists
INFO [2023-11-27 15:24:27] 
INFO [2023-11-27 15:24:27] $category.names
INFO [2023-11-27 15:24:27] c("G007LK", "WNT_G007LK", "WNT")
INFO [2023-11-27 15:24:27] 
INFO [2023-11-27 15:24:27] $filename
INFO [2023-11-27 15:24:27] [1] "../results/05_key_plot_3.png"
INFO [2023-11-27 15:24:27] 
INFO [2023-11-27 15:24:27] $output
INFO [2023-11-27 15:24:27] [1] TRUE
INFO [2023-11-27 15:24:27] 
INFO [2023-11-27 15:24:27] $imagetype
INFO [2023-11-27 15:24:27] [1] "png"
INFO [2023-11-27 15:24:27] 
INFO [2023-11-27 15:24:27] $height
INFO [2023-11-27 15:24:27] [1] 480
INFO [2023-11-27 15:24:27] 
INFO [2023-11-27 15:24:27] $width
INFO [2023-11-27 15:24:27] [1] 480
INFO [2023-11-27 15:24:27] 
INFO [2023-11-27 15:24:27] $resolution
INFO [2023-11-27 15:24:27] [1] 300
INFO [2023-11-27 15:24:27] 
INFO [2023-11-27 15:24:27] $compression
INFO [2023-11-27 15:24:27] [1] "lzw"
INFO [2023-11-27 15:24:27] 
INFO [2023-11-27 15:24:27] $lwd
INFO [2023-11-27 15:24:27] [1] 2
INFO [2023-11-27 15:24:27] 
INFO [2023-11-27 15:24:27] $lty
INFO [2023-11-27 15:24:27] [1] "blank"
INFO [2023-11-27 15:24:27] 
INFO [2023-11-27 15:24:27] $fill
INFO [2023-11-27 15:24:27] myCol
INFO [2023-11-27 15:24:27] 
INFO [2023-11-27 15:24:27] $cex
INFO [2023-11-27 15:24:27] [1] 0.6
INFO [2023-11-27 15:24:27] 
INFO [2023-11-27 15:24:27] $fontface
INFO [2023-11-27 15:24:27] [1] "bold"
INFO [2023-11-27 15:24:27] 
INFO [2023-11-27 15:24:27] $fontfamily
INFO [2023-11-27 15:24:27] [1] "sans"
INFO [2023-11-27 15:24:27] 
INFO [2023-11-27 15:24:27] $cat.cex
INFO [2023-11-27 15:24:27] [1] 0.3
INFO [2023-11-27 15:24:27] 
INFO [2023-11-27 15:24:27] $cat.fontface
INFO [2023-11-27 15:24:27] [1] "bold"
INFO [2023-11-27 15:24:27] 
INFO [2023-11-27 15:24:27] $cat.default.pos
INFO [2023-11-27 15:24:27] [1] "outer"
INFO [2023-11-27 15:24:27] 
INFO [2023-11-27 15:24:27] $cat.pos
INFO [2023-11-27 15:24:27] c(-27, 27, 110)
INFO [2023-11-27 15:24:27] 
INFO [2023-11-27 15:24:27] $cat.dist
INFO [2023-11-27 15:24:27] c(0.055, 0.055, 0.085)
INFO [2023-11-27 15:24:27] 
INFO [2023-11-27 15:24:27] $cat.fontfamily
INFO [2023-11-27 15:24:27] [1] "sans"
INFO [2023-11-27 15:24:27] 
INFO [2023-11-27 15:24:27] $rotation
INFO [2023-11-27 15:24:27] [1] 1
INFO [2023-11-27 15:24:27] 
