INFO [2023-11-27 15:23:49] $x
INFO [2023-11-27 15:23:49] gene_lists
INFO [2023-11-27 15:23:49] 
INFO [2023-11-27 15:23:49] $category.names
INFO [2023-11-27 15:23:49] c("G007LK", "WNT_G007LK", "WNT")
INFO [2023-11-27 15:23:49] 
INFO [2023-11-27 15:23:49] $filename
INFO [2023-11-27 15:23:49] [1] "../results/05_key_plot_3.png"
INFO [2023-11-27 15:23:49] 
INFO [2023-11-27 15:23:49] $output
INFO [2023-11-27 15:23:49] [1] TRUE
INFO [2023-11-27 15:23:49] 
INFO [2023-11-27 15:23:49] $imagetype
INFO [2023-11-27 15:23:49] [1] "png"
INFO [2023-11-27 15:23:49] 
INFO [2023-11-27 15:23:49] $height
INFO [2023-11-27 15:23:49] [1] 480
INFO [2023-11-27 15:23:49] 
INFO [2023-11-27 15:23:49] $width
INFO [2023-11-27 15:23:49] [1] 480
INFO [2023-11-27 15:23:49] 
INFO [2023-11-27 15:23:49] $resolution
INFO [2023-11-27 15:23:49] [1] 300
INFO [2023-11-27 15:23:49] 
INFO [2023-11-27 15:23:49] $compression
INFO [2023-11-27 15:23:49] [1] "lzw"
INFO [2023-11-27 15:23:49] 
INFO [2023-11-27 15:23:49] $lwd
INFO [2023-11-27 15:23:49] [1] 2
INFO [2023-11-27 15:23:49] 
INFO [2023-11-27 15:23:49] $lty
INFO [2023-11-27 15:23:49] [1] "blank"
INFO [2023-11-27 15:23:49] 
INFO [2023-11-27 15:23:49] $fill
INFO [2023-11-27 15:23:49] myCol
INFO [2023-11-27 15:23:49] 
INFO [2023-11-27 15:23:49] $cex
INFO [2023-11-27 15:23:49] [1] 0.6
INFO [2023-11-27 15:23:49] 
INFO [2023-11-27 15:23:49] $fontface
INFO [2023-11-27 15:23:49] [1] "bold"
INFO [2023-11-27 15:23:49] 
INFO [2023-11-27 15:23:49] $fontfamily
INFO [2023-11-27 15:23:49] [1] "sans"
INFO [2023-11-27 15:23:49] 
INFO [2023-11-27 15:23:49] $cat.cex
INFO [2023-11-27 15:23:49] [1] 0.2
INFO [2023-11-27 15:23:49] 
INFO [2023-11-27 15:23:49] $cat.fontface
INFO [2023-11-27 15:23:49] [1] "bold"
INFO [2023-11-27 15:23:49] 
INFO [2023-11-27 15:23:49] $cat.default.pos
INFO [2023-11-27 15:23:49] [1] "outer"
INFO [2023-11-27 15:23:49] 
INFO [2023-11-27 15:23:49] $cat.pos
INFO [2023-11-27 15:23:49] c(-27, 27, 135)
INFO [2023-11-27 15:23:49] 
INFO [2023-11-27 15:23:49] $cat.dist
INFO [2023-11-27 15:23:49] c(0.055, 0.055, 0.085)
INFO [2023-11-27 15:23:49] 
INFO [2023-11-27 15:23:49] $cat.fontfamily
INFO [2023-11-27 15:23:49] [1] "sans"
INFO [2023-11-27 15:23:49] 
INFO [2023-11-27 15:23:49] $rotation
INFO [2023-11-27 15:23:49] [1] 1
INFO [2023-11-27 15:23:49] 
