INFO [2023-11-24 19:00:57] $x
INFO [2023-11-24 19:00:57] gene_lists
INFO [2023-11-24 19:00:57] 
INFO [2023-11-24 19:00:57] $category.names
INFO [2023-11-24 19:00:57] c("G007LK", "WNTG007LK", "WNT")
INFO [2023-11-24 19:00:57] 
INFO [2023-11-24 19:00:57] $filename
INFO [2023-11-24 19:00:57] [1] "../results/mouse_venn_diagram.png"
INFO [2023-11-24 19:00:57] 
INFO [2023-11-24 19:00:57] $output
INFO [2023-11-24 19:00:57] [1] TRUE
INFO [2023-11-24 19:00:57] 
INFO [2023-11-24 19:00:57] $imagetype
INFO [2023-11-24 19:00:57] [1] "png"
INFO [2023-11-24 19:00:57] 
INFO [2023-11-24 19:00:57] $height
INFO [2023-11-24 19:00:57] [1] 480
INFO [2023-11-24 19:00:57] 
INFO [2023-11-24 19:00:57] $width
INFO [2023-11-24 19:00:57] [1] 480
INFO [2023-11-24 19:00:57] 
INFO [2023-11-24 19:00:57] $resolution
INFO [2023-11-24 19:00:57] [1] 300
INFO [2023-11-24 19:00:57] 
INFO [2023-11-24 19:00:57] $compression
INFO [2023-11-24 19:00:57] [1] "lzw"
INFO [2023-11-24 19:00:57] 
INFO [2023-11-24 19:00:57] $lwd
INFO [2023-11-24 19:00:57] [1] 2
INFO [2023-11-24 19:00:57] 
INFO [2023-11-24 19:00:57] $lty
INFO [2023-11-24 19:00:57] [1] "blank"
INFO [2023-11-24 19:00:57] 
INFO [2023-11-24 19:00:57] $fill
INFO [2023-11-24 19:00:57] myCol
INFO [2023-11-24 19:00:57] 
INFO [2023-11-24 19:00:57] $cex
INFO [2023-11-24 19:00:57] [1] 0.6
INFO [2023-11-24 19:00:57] 
INFO [2023-11-24 19:00:57] $fontface
INFO [2023-11-24 19:00:57] [1] "bold"
INFO [2023-11-24 19:00:57] 
INFO [2023-11-24 19:00:57] $fontfamily
INFO [2023-11-24 19:00:57] [1] "sans"
INFO [2023-11-24 19:00:57] 
INFO [2023-11-24 19:00:57] $cat.cex
INFO [2023-11-24 19:00:57] [1] 0.6
INFO [2023-11-24 19:00:57] 
INFO [2023-11-24 19:00:57] $cat.fontface
INFO [2023-11-24 19:00:57] [1] "bold"
INFO [2023-11-24 19:00:57] 
INFO [2023-11-24 19:00:57] $cat.default.pos
INFO [2023-11-24 19:00:57] [1] "outer"
INFO [2023-11-24 19:00:57] 
INFO [2023-11-24 19:00:57] $cat.pos
INFO [2023-11-24 19:00:57] c(-27, 27, 135)
INFO [2023-11-24 19:00:57] 
INFO [2023-11-24 19:00:57] $cat.dist
INFO [2023-11-24 19:00:57] c(0.055, 0.055, 0.085)
INFO [2023-11-24 19:00:57] 
INFO [2023-11-24 19:00:57] $cat.fontfamily
INFO [2023-11-24 19:00:57] [1] "sans"
INFO [2023-11-24 19:00:57] 
INFO [2023-11-24 19:00:57] $rotation
INFO [2023-11-24 19:00:57] [1] 1
INFO [2023-11-24 19:00:57] 
